<?xml version="1.0" encoding="UTF-8"?>
<!-- Generated by org.testng.reporters.JUnitXMLReporter -->
<testsuite hostname="DESKTOP-185HNI4" ignored="2" name="googleTest" tests="2" failures="0" timestamp="01 Jan 2017 17:53:49 GMT" time="34.925" errors="0">
  <testcase name="logIn" time="5.473" classname="TestCases.GmailLogIn"/>
  <testcase name="logInCreate" time="4.202" classname="TestCases.GmailCreate"/>
  <testcase name="logout" time="0.0" classname="TestCases.GmailLogIn">
    <ignored/>
  </testcase> <!-- logout -->
  <testcase name="loginCreateDone" time="0.0" classname="TestCases.GmailCreate">
    <ignored/>
  </testcase> <!-- loginCreateDone -->
</testsuite> <!-- googleTest -->
