<?xml version="1.0" encoding="UTF-8"?>
<!-- Generated by org.testng.reporters.JUnitXMLReporter -->
<testsuite hostname="DESKTOP-185HNI4" ignored="2" name="googleTest" tests="2" failures="0" timestamp="25 Dec 2016 15:51:27 GMT" time="35.337" errors="0">
  <testcase name="logIn" time="14.276" classname="TestCases.GmailLogIn"/>
  <testcase name="logInCreate" time="4.133" classname="TestCases.GmailCreate"/>
  <testcase name="logout" time="0.0" classname="TestCases.GmailLogIn">
    <ignored/>
  </testcase> <!-- logout -->
  <testcase name="loginCreateDone" time="0.0" classname="TestCases.GmailCreate">
    <ignored/>
  </testcase> <!-- loginCreateDone -->
</testsuite> <!-- googleTest -->
