<?xml version="1.0" encoding="UTF-8"?>
<testng-results skipped="0" failed="0" ignored="2" total="4" passed="2">
  <reporter-output>
  </reporter-output>
  <suite name="google" duration-ms="35093" started-at="2017-01-01T18:20:53Z" finished-at="2017-01-01T18:21:29Z">
    <groups>
    </groups>
    <test name="googleTest" duration-ms="35093" started-at="2017-01-01T18:20:53Z" finished-at="2017-01-01T18:21:29Z">
      <class name="TestCases.GmailCreate">
        <test-method status="PASS" signature="beforeClass()[pri:0, instance:TestCases.GmailCreate@3d8c7aca]" name="beforeClass" is-config="true" duration-ms="6832" started-at="2017-01-01T13:21:13Z" finished-at="2017-01-01T13:21:19Z">
          <reporter-output>
          </reporter-output>
        </test-method> <!-- beforeClass -->
        <test-method status="PASS" signature="beforeMethod()[pri:0, instance:TestCases.GmailCreate@3d8c7aca]" name="beforeMethod" is-config="true" duration-ms="2270" started-at="2017-01-01T13:21:19Z" finished-at="2017-01-01T13:21:22Z">
          <reporter-output>
          </reporter-output>
        </test-method> <!-- beforeMethod -->
        <test-method status="PASS" signature="logInCreate()[pri:0, instance:TestCases.GmailCreate@3d8c7aca]" name="logInCreate" duration-ms="4126" started-at="2017-01-01T13:21:22Z" finished-at="2017-01-01T13:21:26Z">
          <reporter-output>
          </reporter-output>
        </test-method> <!-- logInCreate -->
        <test-method status="PASS" signature="afterTest()[pri:0, instance:TestCases.GmailCreate@3d8c7aca]" name="afterTest" is-config="true" duration-ms="2" started-at="2017-01-01T13:21:26Z" finished-at="2017-01-01T13:21:26Z">
          <reporter-output>
          </reporter-output>
        </test-method> <!-- afterTest -->
        <test-method status="PASS" signature="afterClass()[pri:0, instance:TestCases.GmailCreate@3d8c7aca]" name="afterClass" is-config="true" duration-ms="2795" started-at="2017-01-01T13:21:26Z" finished-at="2017-01-01T13:21:29Z">
          <reporter-output>
          </reporter-output>
        </test-method> <!-- afterClass -->
      </class> <!-- TestCases.GmailCreate -->
      <class name="TestCases.GmailLogIn">
        <test-method status="PASS" signature="beforeClass()[pri:0, instance:TestCases.GmailLogIn@1a407d53]" name="beforeClass" is-config="true" duration-ms="7610" started-at="2017-01-01T13:20:53Z" finished-at="2017-01-01T13:21:01Z">
          <reporter-output>
          </reporter-output>
        </test-method> <!-- beforeClass -->
        <test-method status="PASS" signature="beforeMethod()[pri:0, instance:TestCases.GmailLogIn@1a407d53]" name="beforeMethod" is-config="true" duration-ms="2354" started-at="2017-01-01T13:21:01Z" finished-at="2017-01-01T13:21:03Z">
          <reporter-output>
          </reporter-output>
        </test-method> <!-- beforeMethod -->
        <test-method status="PASS" signature="logIn(java.lang.String)[pri:0, instance:TestCases.GmailLogIn@1a407d53]" name="logIn" duration-ms="5408" started-at="2017-01-01T13:21:03Z" data-provider="LogInTest" finished-at="2017-01-01T13:21:09Z">
          <params>
            <param index="0">
              <value>
                <![CDATA[remoteITUniversity]]>
              </value>
            </param>
          </params>
          <reporter-output>
          </reporter-output>
        </test-method> <!-- logIn -->
        <test-method status="PASS" signature="afterClass()[pri:0, instance:TestCases.GmailLogIn@1a407d53]" name="afterClass" is-config="true" duration-ms="3666" started-at="2017-01-01T13:21:09Z" finished-at="2017-01-01T13:21:13Z">
          <reporter-output>
          </reporter-output>
        </test-method> <!-- afterClass -->
        <test-method status="PASS" signature="afterTest()[pri:0, instance:TestCases.GmailLogIn@1a407d53]" name="afterTest" is-config="true" duration-ms="0" started-at="2017-01-01T13:21:09Z" finished-at="2017-01-01T13:21:09Z">
          <reporter-output>
          </reporter-output>
        </test-method> <!-- afterTest -->
      </class> <!-- TestCases.GmailLogIn -->
    </test> <!-- googleTest -->
  </suite> <!-- google -->
</testng-results>
