<?xml version="1.0" encoding="UTF-8"?>
<!-- Generated by org.testng.reporters.JUnitXMLReporter -->
<testsuite hostname="DESKTOP-185HNI4" ignored="3" name="spotifyUITest" tests="2" failures="0" timestamp="30 Jan 2017 03:36:46 GMT" time="25.083" errors="0">
  <testcase name="@BeforeMethod beforeMethod" time="0.0" classname="TestCases.BaseTest">
    <failure type="java.lang.AssertionError" message="This is login page! expected [https://accounts.spotify.com/en_US/login?continue=http:%2F%2Fsupport.spotify.com%2Fus%2F] but found [https://support.spotify.com/us/]">
      <![CDATA[java.lang.AssertionError: This is login page! expected [https://accounts.spotify.com/en_US/login?continue=http:%2F%2Fsupport.spotify.com%2Fus%2F] but found [https://support.spotify.com/us/]
	at TestCases.BaseTest.beforeMethod(BaseTest.java:37)
... Removed 32 stack frames]]>
    </failure>
  </testcase> <!-- @BeforeMethod beforeMethod -->
  <testcase name="@AfterMethod afterTest" time="0.0" classname="TestCases.BaseTest">
    <skipped/>
  </testcase> <!-- @AfterMethod afterTest -->
  <testcase name="@AfterClass afterClass" time="0.0" classname="TestCases.BaseTest">
    <skipped/>
  </testcase> <!-- @AfterClass afterClass -->
  <testcase name="signIn" time="18.318" classname="TestCases.SignInTest"/>
  <testcase name="signIn" time="0.001" classname="TestCases.SignInTest">
    <skipped/>
  </testcase> <!-- signIn -->
  <testcase name="signUp" time="0.0" classname="TestCases.SingUpTest">
    <ignored/>
  </testcase> <!-- signUp -->
  <testcase name="flashPlayerWork" time="0.0" classname="TestCases.FlashPlayerWork">
    <ignored/>
  </testcase> <!-- flashPlayerWork -->
  <testcase name="searchTest" time="0.0" classname="TestCases.SearchTest">
    <ignored/>
  </testcase> <!-- searchTest -->
</testsuite> <!-- spotifyUITest -->
